<?xml version="1.0" encoding="UTF-8"?>
<coverage generated="1650366785976" clover="3.2.0">
  <project timestamp="1650366785976" name="All files">
    <metrics statements="13" coveredstatements="13" conditionals="1" coveredconditionals="1" methods="11" coveredmethods="11" elements="25" coveredelements="25" complexity="0" loc="13" ncloc="13" packages="1" files="2" classes="2"/>
    <file name="IndexedDB.js" path="C:\Users\emanu\Desktop\UNI\SWE\login-warrior\src\login_warrior\src\services\IndexedDB.js">
      <metrics statements="12" coveredstatements="12" conditionals="1" coveredconditionals="1" methods="10" coveredmethods="10"/>
      <line num="20" count="1" type="stmt"/>
      <line num="27" count="1" type="stmt"/>
      <line num="28" count="1" type="stmt"/>
      <line num="40" count="2" type="stmt"/>
      <line num="50" count="4" type="stmt"/>
      <line num="58" count="2" type="stmt"/>
      <line num="68" count="4" type="stmt"/>
      <line num="76" count="2" type="stmt"/>
      <line num="86" count="7" type="stmt"/>
      <line num="95" count="2" type="stmt"/>
      <line num="104" count="2" type="stmt"/>
      <line num="113" count="2" type="stmt"/>
    </file>
    <file name="Storage.js" path="C:\Users\emanu\Desktop\UNI\SWE\login-warrior\src\login_warrior\src\services\Storage.js">
      <metrics statements="1" coveredstatements="1" conditionals="0" coveredconditionals="0" methods="1" coveredmethods="1"/>
      <line num="7" count="1" type="stmt"/>
    </file>
  </project>
</coverage>
