<?xml version="1.0" encoding="UTF-8"?>
<coverage generated="1649626314339" clover="3.2.0">
  <project timestamp="1649626314339" name="All files">
    <metrics statements="1" coveredstatements="1" conditionals="0" coveredconditionals="0" methods="7" coveredmethods="1" elements="8" coveredelements="2" complexity="0" loc="1" ncloc="1" packages="1" files="1" classes="1"/>
    <file name="Storage.js" path="C:\Users\emanu\Desktop\UNI\SWE\login-warrior\src\login_warrior\src\services\Storage.js">
      <metrics statements="1" coveredstatements="1" conditionals="0" coveredconditionals="0" methods="7" coveredmethods="1"/>
      <line num="13" count="1" type="stmt"/>
    </file>
  </project>
</coverage>
