{"C:\\Users\\emanu\\Desktop\\UNI\\SWE\\login-warrior\\src\\login_warrior\\src\\services\\IndexedDB.js": {"path":"C:\\Users\\emanu\\Desktop\\UNI\\SWE\\login-warrior\\src\\login_warrior\\src\\services\\IndexedDB.js","statementMap":{"0":{"start":{"line":18,"column":8},"end":{"line":18,"column":47}},"1":{"start":{"line":19,"column":8},"end":{"line":19,"column":119}},"2":{"start":{"line":23,"column":8},"end":{"line":23,"column":40}},"3":{"start":{"line":27,"column":21},"end":{"line":27,"column":47}},"4":{"start":{"line":28,"column":8},"end":{"line":28,"column":20}},"5":{"start":{"line":32,"column":8},"end":{"line":32,"column":46}},"6":{"start":{"line":36,"column":21},"end":{"line":36,"column":53}},"7":{"start":{"line":37,"column":8},"end":{"line":37,"column":20}},"8":{"start":{"line":41,"column":8},"end":{"line":41,"column":50}},"9":{"start":{"line":45,"column":21},"end":{"line":45,"column":53}},"10":{"start":{"line":46,"column":8},"end":{"line":46,"column":20}}},"fnMap":{"0":{"name":"(anonymous_0)","decl":{"start":{"line":17,"column":4},"end":{"line":17,"column":5}},"loc":{"start":{"line":17,"column":18},"end":{"line":20,"column":5}},"line":17},"1":{"name":"(anonymous_1)","decl":{"start":{"line":22,"column":4},"end":{"line":22,"column":5}},"loc":{"start":{"line":22,"column":18},"end":{"line":24,"column":5}},"line":22},"2":{"name":"(anonymous_2)","decl":{"start":{"line":26,"column":4},"end":{"line":26,"column":5}},"loc":{"start":{"line":26,"column":17},"end":{"line":29,"column":5}},"line":26},"3":{"name":"(anonymous_3)","decl":{"start":{"line":31,"column":4},"end":{"line":31,"column":5}},"loc":{"start":{"line":31,"column":24},"end":{"line":33,"column":5}},"line":31},"4":{"name":"(anonymous_4)","decl":{"start":{"line":35,"column":4},"end":{"line":35,"column":5}},"loc":{"start":{"line":35,"column":23},"end":{"line":38,"column":5}},"line":35},"5":{"name":"(anonymous_5)","decl":{"start":{"line":40,"column":4},"end":{"line":40,"column":5}},"loc":{"start":{"line":40,"column":33},"end":{"line":42,"column":5}},"line":40},"6":{"name":"(anonymous_6)","decl":{"start":{"line":44,"column":4},"end":{"line":44,"column":5}},"loc":{"start":{"line":44,"column":28},"end":{"line":47,"column":5}},"line":44}},"branchMap":{},"s":{"0":1,"1":1,"2":0,"3":0,"4":0,"5":0,"6":0,"7":0,"8":0,"9":0,"10":0},"f":{"0":1,"1":0,"2":0,"3":0,"4":0,"5":0,"6":0},"b":{},"_coverageSchema":"1a1c01bbd47fc00a2c39e90264f33305004495a9","hash":"142eafced653344ba6e5cd89320183dccd4f03ad"}
,"C:\\Users\\emanu\\Desktop\\UNI\\SWE\\login-warrior\\src\\login_warrior\\src\\services\\Storage.js": {"path":"C:\\Users\\emanu\\Desktop\\UNI\\SWE\\login-warrior\\src\\login_warrior\\src\\services\\Storage.js","statementMap":{"0":{"start":{"line":7,"column":8},"end":{"line":7,"column":63}}},"fnMap":{"0":{"name":"(anonymous_0)","decl":{"start":{"line":6,"column":4},"end":{"line":6,"column":5}},"loc":{"start":{"line":6,"column":17},"end":{"line":8,"column":5}},"line":6}},"branchMap":{},"s":{"0":1},"f":{"0":1},"b":{},"_coverageSchema":"1a1c01bbd47fc00a2c39e90264f33305004495a9","hash":"c0d079d245a093aec9f2e223f7525785314683a5"}
}
