TN:
SF:src\services\IndexedDB.js
FN:25,(anonymous_0)
FN:38,(anonymous_1)
FN:48,(anonymous_2)
FN:56,(anonymous_3)
FN:66,(anonymous_4)
FN:74,(anonymous_5)
FN:84,(anonymous_6)
FNF:7
FNH:7
FNDA:1,(anonymous_0)
FNDA:2,(anonymous_1)
FNDA:2,(anonymous_2)
FNDA:1,(anonymous_3)
FNDA:2,(anonymous_4)
FNDA:1,(anonymous_5)
FNDA:2,(anonymous_6)
DA:20,1
DA:26,1
DA:27,1
DA:39,2
DA:49,2
DA:57,1
DA:67,2
DA:75,1
DA:85,2
LF:9
LH:9
BRF:0
BRH:0
end_of_record
TN:
SF:src\services\Storage.js
FN:6,(anonymous_0)
FNF:1
FNH:1
FNDA:1,(anonymous_0)
DA:7,1
LF:1
LH:1
BRF:0
BRH:0
end_of_record
