{"C:\\Dropbox\\Data\\University\\corsi\\swe\\project\\repo\\login-warrior\\src\\PoC\\login_warrior\\pages\\dataset\\modules\\example.js": {"path":"C:\\Dropbox\\Data\\University\\corsi\\swe\\project\\repo\\login-warrior\\src\\PoC\\login_warrior\\pages\\dataset\\modules\\example.js","statementMap":{"0":{"start":{"line":4,"column":2},"end":{"line":4,"column":15}},"1":{"start":{"line":8,"column":2},"end":{"line":8,"column":15}}},"fnMap":{"0":{"name":"sum","decl":{"start":{"line":3,"column":9},"end":{"line":3,"column":12}},"loc":{"start":{"line":3,"column":19},"end":{"line":5,"column":1}},"line":3},"1":{"name":"sub","decl":{"start":{"line":7,"column":9},"end":{"line":7,"column":12}},"loc":{"start":{"line":7,"column":19},"end":{"line":9,"column":1}},"line":7}},"branchMap":{},"s":{"0":1,"1":1},"f":{"0":1,"1":1},"b":{},"_coverageSchema":"1a1c01bbd47fc00a2c39e90264f33305004495a9","hash":"bf648e9e072e82782df5ff36acab75abb4515e98"}
,"C:\\Dropbox\\Data\\University\\corsi\\swe\\project\\repo\\login-warrior\\src\\PoC\\login_warrior\\pages\\dataset\\modules\\parseCsv.js": {"path":"C:\\Dropbox\\Data\\University\\corsi\\swe\\project\\repo\\login-warrior\\src\\PoC\\login_warrior\\pages\\dataset\\modules\\parseCsv.js","statementMap":{"0":{"start":{"line":8,"column":17},"end":{"line":27,"column":4}},"1":{"start":{"line":8,"column":27},"end":{"line":27,"column":4}},"2":{"start":{"line":9,"column":20},"end":{"line":9,"column":31}},"3":{"start":{"line":11,"column":23},"end":{"line":11,"column":38}},"4":{"start":{"line":12,"column":24},"end":{"line":12,"column":26}},"5":{"start":{"line":13,"column":4},"end":{"line":25,"column":6}},"6":{"start":{"line":26,"column":4},"end":{"line":26,"column":23}}},"fnMap":{"0":{"name":"(anonymous_0)","decl":{"start":{"line":8,"column":17},"end":{"line":8,"column":18}},"loc":{"start":{"line":8,"column":27},"end":{"line":27,"column":4}},"line":8},"1":{"name":"(anonymous_1)","decl":{"start":{"line":9,"column":10},"end":{"line":9,"column":11}},"loc":{"start":{"line":9,"column":20},"end":{"line":9,"column":31}},"line":9},"2":{"name":"(anonymous_2)","decl":{"start":{"line":10,"column":7},"end":{"line":10,"column":8}},"loc":{"start":{"line":10,"column":17},"end":{"line":27,"column":3}},"line":10}},"branchMap":{},"s":{"0":1,"1":2,"2":4,"3":3,"4":3,"5":3,"6":3},"f":{"0":2,"1":4,"2":3},"b":{},"_coverageSchema":"1a1c01bbd47fc00a2c39e90264f33305004495a9","hash":"f2277a7376eaddb6a540aaf52657b9a8b9a804cb"}
}
