<?xml version="1.0" encoding="UTF-8"?>
<coverage generated="1644924433878" clover="3.2.0">
  <project timestamp="1644924433878" name="All files">
    <metrics statements="8" coveredstatements="8" conditionals="0" coveredconditionals="0" methods="5" coveredmethods="5" elements="13" coveredelements="13" complexity="0" loc="8" ncloc="8" packages="1" files="2" classes="2"/>
    <file name="example.js" path="C:\Dropbox\Data\University\corsi\swe\project\repo\login-warrior\src\PoC\login_warrior\pages\dataset\modules\example.js">
      <metrics statements="2" coveredstatements="2" conditionals="0" coveredconditionals="0" methods="2" coveredmethods="2"/>
      <line num="4" count="1" type="stmt"/>
      <line num="8" count="1" type="stmt"/>
    </file>
    <file name="parseCsv.js" path="C:\Dropbox\Data\University\corsi\swe\project\repo\login-warrior\src\PoC\login_warrior\pages\dataset\modules\parseCsv.js">
      <metrics statements="6" coveredstatements="6" conditionals="0" coveredconditionals="0" methods="3" coveredmethods="3"/>
      <line num="8" count="2" type="stmt"/>
      <line num="9" count="4" type="stmt"/>
      <line num="11" count="3" type="stmt"/>
      <line num="12" count="3" type="stmt"/>
      <line num="13" count="3" type="stmt"/>
      <line num="26" count="3" type="stmt"/>
    </file>
  </project>
</coverage>
