<?xml version="1.0" encoding="UTF-8"?>
<coverage generated="1645353798799" clover="3.2.0">
  <project timestamp="1645353798799" name="All files">
    <metrics statements="6" coveredstatements="6" conditionals="0" coveredconditionals="0" methods="3" coveredmethods="3" elements="9" coveredelements="9" complexity="0" loc="6" ncloc="6" packages="1" files="1" classes="1"/>
    <file name="parseCsv.js" path="C:\Dropbox\Data\University\corsi\swe\project\repo\login-warrior\src\PoC\login_warrior\pages\home\modules\parseCsv.js">
      <metrics statements="6" coveredstatements="6" conditionals="0" coveredconditionals="0" methods="3" coveredmethods="3"/>
      <line num="8" count="2" type="stmt"/>
      <line num="9" count="4" type="stmt"/>
      <line num="11" count="3" type="stmt"/>
      <line num="12" count="3" type="stmt"/>
      <line num="13" count="3" type="stmt"/>
      <line num="28" count="3" type="stmt"/>
    </file>
  </project>
</coverage>
